  main.cpp
d:\学习\externel tools\include\mesh.h(88): warning C4267: “参数”: 从“size_t”转换到“GLsizei”，可能丢失数据
d:\学习\图形学\课设\assignment\main.cpp(302): warning C4244: “参数”: 从“double”转换到“float”，可能丢失数据
d:\学习\图形学\课设\assignment\main.cpp(304): warning C4244: “参数”: 从“double”转换到“float”，可能丢失数据
d:\学习\图形学\课设\assignment\main.cpp(306): warning C4244: “参数”: 从“double”转换到“float”，可能丢失数据
d:\学习\图形学\课设\assignment\main.cpp(308): warning C4244: “参数”: 从“double”转换到“float”，可能丢失数据
d:\学习\图形学\课设\assignment\main.cpp(339): warning C4244: “=”: 从“double”转换到“float”，可能丢失数据
d:\学习\图形学\课设\assignment\main.cpp(340): warning C4244: “=”: 从“double”转换到“float”，可能丢失数据
d:\学习\图形学\课设\assignment\main.cpp(347): warning C4244: “=”: 从“double”转换到“float”，可能丢失数据
d:\学习\图形学\课设\assignment\main.cpp(348): warning C4244: “=”: 从“double”转换到“float”，可能丢失数据
d:\学习\图形学\课设\assignment\main.cpp(350): warning C4244: “参数”: 从“double”转换到“float”，可能丢失数据
d:\学习\图形学\课设\assignment\main.cpp(355): warning C4244: “参数”: 从“double”转换到“float”，可能丢失数据
main.obj : error LNK2019: 无法解析的外部符号 glfwInit，该符号在函数 main 中被引用
main.obj : error LNK2019: 无法解析的外部符号 glfwTerminate，该符号在函数 main 中被引用
main.obj : error LNK2019: 无法解析的外部符号 glfwWindowHint，该符号在函数 main 中被引用
main.obj : error LNK2019: 无法解析的外部符号 glfwCreateWindow，该符号在函数 main 中被引用
main.obj : error LNK2019: 无法解析的外部符号 glfwWindowShouldClose，该符号在函数 main 中被引用
main.obj : error LNK2019: 无法解析的外部符号 glfwSetWindowShouldClose，该符号在函数 "void __cdecl processInput(struct GLFWwindow *)" (?processInput@@YAXPEAUGLFWwindow@@@Z) 中被引用
main.obj : error LNK2019: 无法解析的外部符号 glfwSetFramebufferSizeCallback，该符号在函数 main 中被引用
main.obj : error LNK2019: 无法解析的外部符号 glfwPollEvents，该符号在函数 main 中被引用
main.obj : error LNK2019: 无法解析的外部符号 glfwSetInputMode，该符号在函数 main 中被引用
main.obj : error LNK2019: 无法解析的外部符号 glfwGetKey，该符号在函数 "void __cdecl processInput(struct GLFWwindow *)" (?processInput@@YAXPEAUGLFWwindow@@@Z) 中被引用
main.obj : error LNK2019: 无法解析的外部符号 glfwSetCursorPosCallback，该符号在函数 main 中被引用
main.obj : error LNK2019: 无法解析的外部符号 glfwSetScrollCallback，该符号在函数 main 中被引用
main.obj : error LNK2019: 无法解析的外部符号 glfwGetTime，该符号在函数 main 中被引用
main.obj : error LNK2019: 无法解析的外部符号 glfwMakeContextCurrent，该符号在函数 main 中被引用
main.obj : error LNK2019: 无法解析的外部符号 glfwSwapBuffers，该符号在函数 main 中被引用
main.obj : error LNK2019: 无法解析的外部符号 glfwGetProcAddress，该符号在函数 main 中被引用
main.obj : error LNK2019: 无法解析的外部符号 "public: __cdecl Assimp::Importer::Importer(void)" (??0Importer@Assimp@@QEAA@XZ)，该符号在函数 "private: void __cdecl Model::loadModel(class std::basic_string<char,struct std::char_traits<char>,class std::allocator<char> > const &)" (?loadModel@Model@@AEAAXAEBV?$basic_string@DU?$char_traits@D@std@@V?$allocator@D@2@@std@@@Z) 中被引用
main.obj : error LNK2019: 无法解析的外部符号 "public: __cdecl Assimp::Importer::~Importer(void)" (??1Importer@Assimp@@QEAA@XZ)，该符号在函数 "private: void __cdecl Model::loadModel(class std::basic_string<char,struct std::char_traits<char>,class std::allocator<char> > const &)" (?loadModel@Model@@AEAAXAEBV?$basic_string@DU?$char_traits@D@std@@V?$allocator@D@2@@std@@@Z) 中被引用
main.obj : error LNK2019: 无法解析的外部符号 "public: struct aiScene const * __cdecl Assimp::Importer::ReadFile(char const *,unsigned int)" (?ReadFile@Importer@Assimp@@QEAAPEBUaiScene@@PEBDI@Z)，该符号在函数 "public: struct aiScene const * __cdecl Assimp::Importer::ReadFile(class std::basic_string<char,struct std::char_traits<char>,class std::allocator<char> > const &,unsigned int)" (?ReadFile@Importer@Assimp@@QEAAPEBUaiScene@@AEBV?$basic_string@DU?$char_traits@D@std@@V?$allocator@D@2@@std@@I@Z) 中被引用
main.obj : error LNK2019: 无法解析的外部符号 "public: char const * __cdecl Assimp::Importer::GetErrorString(void)const " (?GetErrorString@Importer@Assimp@@QEBAPEBDXZ)，该符号在函数 "private: void __cdecl Model::loadModel(class std::basic_string<char,struct std::char_traits<char>,class std::allocator<char> > const &)" (?loadModel@Model@@AEAAXAEBV?$basic_string@DU?$char_traits@D@std@@V?$allocator@D@2@@std@@@Z) 中被引用
main.obj : error LNK2019: 无法解析的外部符号 aiGetMaterialTextureCount，该符号在函数 "public: unsigned int __cdecl aiMaterial::GetTextureCount(enum aiTextureType)const " (?GetTextureCount@aiMaterial@@QEBAIW4aiTextureType@@@Z) 中被引用
main.obj : error LNK2019: 无法解析的外部符号 aiGetMaterialTexture，该符号在函数 "public: enum aiReturn __cdecl aiMaterial::GetTexture(enum aiTextureType,unsigned int,struct aiString *,enum aiTextureMapping *,unsigned int *,float *,enum aiTextureOp *,enum aiTextureMapMode *)const " (?GetTexture@aiMaterial@@QEBA?AW4aiReturn@@W4aiTextureType@@IPEAUaiString@@PEAW4aiTextureMapping@@PEAIPEAMPEAW4aiTextureOp@@PEAW4aiTextureMapMode@@@Z) 中被引用
D:\学习\Externel Tools\Libs\glfw3.lib : warning LNK4272: 库计算机类型“x86”与目标计算机类型“x64”冲突
D:\学习\Externel Tools\Libs\assimpd.lib : warning LNK4272: 库计算机类型“x86”与目标计算机类型“x64”冲突
D:\学习\图形学\课设\Assignment\x64\Debug\Assignment.exe : fatal error LNK1120: 22 个无法解析的外部命令
